<?xml version="1.0" encoding="UTF-8"?>
<!-- Generated by org.testng.reporters.JUnitReportReporter -->
<testsuite hostname="DESKTOP-TOM6PHE" failures="0" tests="2" name="com.mycompany.tests.LoginTest" time="44.722" errors="0" timestamp="30 May 2020 16:06:42 GMT" skipped="0">
  <testcase classname="com.mycompany.tests.LoginTest" name="successfulLog" time="20.041"/>
  <testcase classname="com.mycompany.tests.LoginTest" name="successfulLogin" time="24.681"/>
</testsuite> <!-- com.mycompany.tests.LoginTest -->
